<?xml version="1.0" encoding="UTF-8"?>
<!-- Generated by org.testng.reporters.JUnitReportReporter -->
<testsuite hostname="Dell-I3" failures="0" tests="1" name="Nopcommerce_TestCases.NewTest" time="0.010" errors="0" timestamp="2021-02-01T23:13:52 EET" skipped="0">
  <testcase classname="Nopcommerce_TestCases.NewTest" name="f" time="0.010"/>
  <system-out/>
</testsuite> <!-- Nopcommerce_TestCases.NewTest -->
